pybullet build time: Dec 23 2020 01:45:35
/home/biomob/.local/lib/python2.7/site-packages/gym/logger.py:30: UserWarning: [33mWARN: Box bound precision lowered by casting to float32[0m
  warnings.warn(colorize('%s: %s'%('WARN', msg % args), 'yellow'))

Using GPU preprocessing

[32;1mLogging data to data/2/progress.txt[0m
[36;1mSaving config:
[0m
{
    "ac_kwargs":	{
        "activation":	"ReLU",
        "conv_sizes":	[
            [
                1,
                4,
                4,
                1,
                0
            ],
            [
                4,
                4,
                4,
                1,
                0
            ]
        ],
        "feature_dim":	32,
        "hidden_sizes":	[
            64,
            64
        ]
    },
    "actor_critic":	"MLPActorCritic",
    "alpha":	0.2,
    "batch_size":	256,
    "env":	"<TorchifyWrapper<TimeLimit<PepperReachCamEnv<PepperReachCam-v0>>>>",
    "exp_name":	"2",
    "gamma":	0.95,
    "logger_kwargs":	{
        "exp_name":	"2",
        "output_dir":	"data/2"
    },
    "lr":	0.001,
    "max_ep_len":	100,
    "num_test_episodes":	10,
    "num_updates":	null,
    "polyak":	0.995,
    "rb_kwargs":	{
        "size":	50000
    },
    "replay_buffer":	"ReplayBuffer",
    "save_freq":	1,
    "seed":	0,
    "self":	"SAC",
    "start_steps":	10000,
    "update_after":	256,
    "update_every":	256,
    "use_gpu_buffer":	true,
    "use_gpu_computation":	true
}
[32;1m
Using GPU replay buffer
[0m
[32;1m
Using GPU computaion
[0m
[32;1m
Number of parameters: 	 pi: 2255676, 	 q1: 2255081, 	 q2: 2255081
[0m
[31;1mWarning: could not pickle state_dict.[0m
---------------------------------------
|             epoch |               1 |
| test_success_rate |           0.000 |
|         ep_return |         -14.115 |
|    test_ep_return |         -51.722 |
|         ep_length |          20.885 |
|    test_ep_length |         100.000 |
|   total_timesteps |            9999 |
|           loss_pi |          -8.786 |
|            loss_q |           1.173 |
|      time_elapsed |       17743.769 |
|    iteration_time |           1.759 |
---------------------------------------
[31;1mWarning: could not pickle state_dict.[0m
---------------------------------------
|             epoch |               2 |
| test_success_rate |           0.000 |
|         ep_return |         -40.120 |
|    test_ep_return |         -36.573 |
|         ep_length |          96.359 |
|    test_ep_length |         100.000 |
|   total_timesteps |           19999 |
|           loss_pi |         -12.153 |
|            loss_q |           0.615 |
|      time_elapsed |       35559.715 |
|    iteration_time |           1.765 |
---------------------------------------
[31;1mWarning: could not pickle state_dict.[0m
---------------------------------------
|             epoch |               3 |
| test_success_rate |           0.000 |
|         ep_return |         -35.530 |
|    test_ep_return |         -35.683 |
|         ep_length |          93.757 |
|    test_ep_length |         100.000 |
|   total_timesteps |           29999 |
|           loss_pi |         -12.709 |
|            loss_q |           0.423 |
|      time_elapsed |       54182.130 |
|    iteration_time |           1.845 |
---------------------------------------
[31;1mWarning: could not pickle state_dict.[0m
---------------------------------------
|             epoch |               4 |
| test_success_rate |           0.000 |
|         ep_return |         -35.074 |
|    test_ep_return |         -38.625 |
|         ep_length |          95.143 |
|    test_ep_length |         100.000 |
|   total_timesteps |           39999 |
|           loss_pi |         -13.590 |
|            loss_q |           0.344 |
|      time_elapsed |       71869.638 |
|    iteration_time |           1.752 |
---------------------------------------
[31;1mWarning: could not pickle state_dict.[0m
---------------------------------------
|             epoch |               5 |
| test_success_rate |           0.000 |
|         ep_return |         -34.029 |
|    test_ep_return |         -37.150 |
|         ep_length |          93.879 |
|    test_ep_length |         100.000 |
|   total_timesteps |           49999 |
|           loss_pi |         -14.198 |
|            loss_q |           0.278 |
|      time_elapsed |       89555.087 |
|    iteration_time |           1.752 |
---------------------------------------
[31;1mWarning: could not pickle state_dict.[0m
---------------------------------------
|             epoch |               6 |
| test_success_rate |           0.000 |
|         ep_return |         -32.029 |
|    test_ep_return |         -36.475 |
|         ep_length |          92.694 |
|    test_ep_length |         100.000 |
|   total_timesteps |           59999 |
|           loss_pi |         -14.751 |
|            loss_q |           0.208 |
|      time_elapsed |      107519.889 |
|    iteration_time |           1.780 |
---------------------------------------
[31;1mWarning: could not pickle state_dict.[0m
---------------------------------------
|             epoch |               7 |
| test_success_rate |           0.000 |
|         ep_return |         -29.699 |
|    test_ep_return |         -33.832 |
|         ep_length |          87.175 |
|    test_ep_length |         100.000 |
|   total_timesteps |           69999 |
|           loss_pi |         -15.482 |
|            loss_q |           0.158 |
|      time_elapsed |      125665.467 |
|    iteration_time |           1.797 |
---------------------------------------
[31;1mWarning: could not pickle state_dict.[0m
---------------------------------------
|             epoch |               8 |
| test_success_rate |           0.000 |
|         ep_return |         -27.866 |
|    test_ep_return |         -32.592 |
|         ep_length |          85.897 |
|    test_ep_length |         100.000 |
|   total_timesteps |           79999 |
|           loss_pi |         -15.989 |
|            loss_q |           0.145 |
|      time_elapsed |      143849.364 |
|    iteration_time |           1.801 |
---------------------------------------
[31;1mWarning: could not pickle state_dict.[0m
---------------------------------------
|             epoch |               9 |
| test_success_rate |           0.000 |
|         ep_return |         -26.461 |
|    test_ep_return |         -30.941 |
|         ep_length |          82.298 |
|    test_ep_length |         100.000 |
|   total_timesteps |           89999 |
|           loss_pi |         -16.200 |
|            loss_q |           0.171 |
|      time_elapsed |      161821.738 |
|    iteration_time |           1.780 |
---------------------------------------
[31;1mWarning: could not pickle state_dict.[0m
---------------------------------------
|             epoch |              10 |
| test_success_rate |           0.000 |
|         ep_return |         -27.847 |
|    test_ep_return |         -37.261 |
|         ep_length |          84.746 |
|    test_ep_length |         100.000 |
|   total_timesteps |           99999 |
|           loss_pi |         -16.214 |
|            loss_q |           0.189 |
|      time_elapsed |      179579.180 |
|    iteration_time |           1.759 |
---------------------------------------
[31;1mWarning: could not pickle state_dict.[0m
---------------------------------------
|             epoch |              11 |
| test_success_rate |           0.000 |
|         ep_return |         -29.941 |
|    test_ep_return |         -35.575 |
|         ep_length |          88.230 |
|    test_ep_length |         100.000 |
|   total_timesteps |          109999 |
|           loss_pi |         -16.126 |
|            loss_q |           0.206 |
|      time_elapsed |      197170.735 |
|    iteration_time |           1.742 |
---------------------------------------
[31;1mWarning: could not pickle state_dict.[0m
---------------------------------------
|             epoch |              12 |
| test_success_rate |           0.000 |
|         ep_return |         -23.333 |
|    test_ep_return |         -31.658 |
|         ep_length |          78.795 |
|    test_ep_length |         100.000 |
|   total_timesteps |          119999 |
|           loss_pi |         -15.900 |
|            loss_q |           0.299 |
|      time_elapsed |      215578.110 |
|    iteration_time |           1.824 |
---------------------------------------
[31;1mWarning: could not pickle state_dict.[0m
---------------------------------------
|             epoch |              13 |
| test_success_rate |           0.000 |
|         ep_return |         -25.831 |
|    test_ep_return |         -32.847 |
|         ep_length |          82.628 |
|    test_ep_length |         100.000 |
|   total_timesteps |          129999 |
|           loss_pi |         -15.497 |
|            loss_q |           0.318 |
|      time_elapsed |      233729.929 |
|    iteration_time |           1.798 |
---------------------------------------
[31;1mWarning: could not pickle state_dict.[0m
---------------------------------------
|             epoch |              14 |
| test_success_rate |           0.000 |
|         ep_return |         -24.598 |
|    test_ep_return |         -30.791 |
|         ep_length |          79.472 |
|    test_ep_length |         100.000 |
|   total_timesteps |          139999 |
|           loss_pi |         -15.265 |
|            loss_q |           0.310 |
|      time_elapsed |      251817.609 |
|    iteration_time |           1.792 |
---------------------------------------
[31;1mWarning: could not pickle state_dict.[0m
---------------------------------------
|             epoch |              15 |
| test_success_rate |           0.000 |
|         ep_return |         -24.786 |
|    test_ep_return |         -32.371 |
|         ep_length |          79.696 |
|    test_ep_length |         100.000 |
|   total_timesteps |          149999 |
|           loss_pi |         -15.155 |
|            loss_q |           0.337 |
|      time_elapsed |      270374.851 |
|    iteration_time |           1.838 |
---------------------------------------
[31;1mWarning: could not pickle state_dict.[0m
---------------------------------------
|             epoch |              16 |
| test_success_rate |           0.000 |
|         ep_return |         -26.291 |
|    test_ep_return |         -35.517 |
|         ep_length |          82.264 |
|    test_ep_length |         100.000 |
|   total_timesteps |          159999 |
|           loss_pi |         -15.048 |
|            loss_q |           0.365 |
|      time_elapsed |      288656.917 |
|    iteration_time |           1.811 |
---------------------------------------
[31;1mWarning: could not pickle state_dict.[0m
---------------------------------------
|             epoch |              17 |
| test_success_rate |           0.000 |
|         ep_return |         -23.794 |
|    test_ep_return |         -30.954 |
|         ep_length |          77.208 |
|    test_ep_length |         100.000 |
|   total_timesteps |          169999 |
|           loss_pi |         -14.826 |
|            loss_q |           0.362 |
|      time_elapsed |      307370.426 |
|    iteration_time |           1.854 |
---------------------------------------
[31;1mWarning: could not pickle state_dict.[0m
---------------------------------------
|             epoch |              18 |
| test_success_rate |           0.000 |
|         ep_return |         -22.334 |
|    test_ep_return |         -30.758 |
|         ep_length |          75.203 |
|    test_ep_length |         100.000 |
|   total_timesteps |          179999 |
|           loss_pi |         -14.984 |
|            loss_q |           0.309 |
|      time_elapsed |      325250.290 |
|    iteration_time |           1.771 |
---------------------------------------
[31;1mWarning: could not pickle state_dict.[0m
---------------------------------------
|             epoch |              19 |
| test_success_rate |           0.000 |
|         ep_return |         -24.387 |
|    test_ep_return |         -32.031 |
|         ep_length |          79.357 |
|    test_ep_length |         100.000 |
|   total_timesteps |          189999 |
|           loss_pi |         -14.902 |
|            loss_q |           0.344 |
|      time_elapsed |      343350.524 |
|    iteration_time |           1.793 |
---------------------------------------
[31;1mWarning: could not pickle state_dict.[0m
---------------------------------------
|             epoch |              20 |
| test_success_rate |           0.000 |
|         ep_return |         -24.817 |
|    test_ep_return |         -30.888 |
|         ep_length |          79.031 |
|    test_ep_length |         100.000 |
|   total_timesteps |          199999 |
|           loss_pi |         -14.767 |
|            loss_q |           0.346 |
|      time_elapsed |      361325.463 |
|    iteration_time |           1.780 |
---------------------------------------
[31;1mWarning: could not pickle state_dict.[0m
---------------------------------------
|             epoch |              21 |
| test_success_rate |           0.000 |
|         ep_return |         -26.577 |
|    test_ep_return |         -31.152 |
|         ep_length |          81.393 |
|    test_ep_length |         100.000 |
|   total_timesteps |          209999 |
|           loss_pi |         -14.842 |
|            loss_q |           0.328 |
|      time_elapsed |      379722.924 |
|    iteration_time |           1.822 |
---------------------------------------
[31;1mWarning: could not pickle state_dict.[0m
---------------------------------------
|             epoch |              22 |
| test_success_rate |           0.000 |
|         ep_return |         -27.516 |
|    test_ep_return |         -31.995 |
|         ep_length |          83.899 |
|    test_ep_length |         100.000 |
|   total_timesteps |          219999 |
|           loss_pi |         -14.876 |
|            loss_q |           0.343 |
|      time_elapsed |      397957.241 |
|    iteration_time |           1.806 |
---------------------------------------
[31;1mWarning: could not pickle state_dict.[0m
---------------------------------------
|             epoch |              23 |
| test_success_rate |           0.000 |
|         ep_return |         -26.386 |
|    test_ep_return |         -31.582 |
|         ep_length |          83.157 |
|    test_ep_length |         100.000 |
|   total_timesteps |          229999 |
|           loss_pi |         -14.792 |
|            loss_q |           0.321 |
|      time_elapsed |      415712.674 |
|    iteration_time |           1.758 |
---------------------------------------
[31;1mWarning: could not pickle state_dict.[0m
---------------------------------------
|             epoch |              24 |
| test_success_rate |           0.000 |
|         ep_return |         -25.252 |
|    test_ep_return |         -29.677 |
|         ep_length |          82.156 |
|    test_ep_length |         100.000 |
|   total_timesteps |          239999 |
|           loss_pi |         -14.957 |
|            loss_q |           0.298 |
|      time_elapsed |      433851.638 |
|    iteration_time |           1.797 |
---------------------------------------
[31;1mWarning: could not pickle state_dict.[0m
---------------------------------------
|             epoch |              25 |
| test_success_rate |           0.000 |
|         ep_return |         -25.745 |
|    test_ep_return |         -30.391 |
|         ep_length |          78.976 |
|    test_ep_length |         100.000 |
|   total_timesteps |          249999 |
|           loss_pi |         -14.915 |
|            loss_q |           0.338 |
|      time_elapsed |      451929.670 |
|    iteration_time |           1.790 |
---------------------------------------
[31;1mWarning: could not pickle state_dict.[0m
---------------------------------------
|             epoch |              26 |
| test_success_rate |           0.000 |
|         ep_return |         -23.540 |
|    test_ep_return |         -31.771 |
|         ep_length |          79.056 |
|    test_ep_length |         100.000 |
|   total_timesteps |          259999 |
|           loss_pi |         -14.637 |
|            loss_q |           0.370 |
|      time_elapsed |      470043.201 |
|    iteration_time |           1.794 |
---------------------------------------
[31;1mWarning: could not pickle state_dict.[0m
---------------------------------------
|             epoch |              27 |
| test_success_rate |           0.000 |
|         ep_return |         -26.227 |
|    test_ep_return |         -34.057 |
|         ep_length |          82.590 |
|    test_ep_length |         100.000 |
|   total_timesteps |          269999 |
|           loss_pi |         -14.782 |
|            loss_q |           0.346 |
|      time_elapsed |      488549.104 |
|    iteration_time |           1.833 |
---------------------------------------
[31;1mWarning: could not pickle state_dict.[0m
---------------------------------------
|             epoch |              28 |
| test_success_rate |           0.000 |
|         ep_return |         -26.478 |
|    test_ep_return |         -32.961 |
|         ep_length |          83.375 |
|    test_ep_length |         100.000 |
|   total_timesteps |          279999 |
|           loss_pi |         -14.804 |
|            loss_q |           0.374 |
|      time_elapsed |      506984.558 |
|    iteration_time |           1.826 |
---------------------------------------
[31;1mWarning: could not pickle state_dict.[0m
---------------------------------------
|             epoch |              29 |
| test_success_rate |           0.000 |
|         ep_return |         -25.515 |
|    test_ep_return |         -32.510 |
|         ep_length |          80.573 |
|    test_ep_length |         100.000 |
|   total_timesteps |          289999 |
|           loss_pi |         -14.773 |
|            loss_q |           0.344 |
|      time_elapsed |      524739.509 |
|    iteration_time |           1.758 |
---------------------------------------
[31;1mWarning: could not pickle state_dict.[0m
---------------------------------------
|             epoch |              30 |
| test_success_rate |           0.000 |
|         ep_return |         -24.237 |
|    test_ep_return |         -32.361 |
|         ep_length |          80.452 |
|    test_ep_length |         100.000 |
|   total_timesteps |          299999 |
|           loss_pi |         -14.788 |
|            loss_q |           0.376 |
|      time_elapsed |      542924.886 |
|    iteration_time |           1.801 |
---------------------------------------
[31;1mWarning: could not pickle state_dict.[0m
---------------------------------------
|             epoch |              31 |
| test_success_rate |           0.000 |
|         ep_return |         -24.569 |
|    test_ep_return |         -33.905 |
|         ep_length |          80.048 |
|    test_ep_length |         100.000 |
|   total_timesteps |          309999 |
|           loss_pi |         -14.752 |
|            loss_q |           0.387 |
|      time_elapsed |      560356.397 |
|    iteration_time |           1.726 |
---------------------------------------
[31;1mWarning: could not pickle state_dict.[0m
---------------------------------------
|             epoch |              32 |
| test_success_rate |           0.000 |
|         ep_return |         -23.173 |
|    test_ep_return |         -29.033 |
|         ep_length |          79.624 |
|    test_ep_length |         100.000 |
|   total_timesteps |          319999 |
|           loss_pi |         -14.706 |
|            loss_q |           0.377 |
|      time_elapsed |      578331.823 |
|    iteration_time |           1.781 |
---------------------------------------
[31;1mWarning: could not pickle state_dict.[0m
---------------------------------------
|             epoch |              33 |
| test_success_rate |           0.000 |
|         ep_return |         -25.275 |
|    test_ep_return |         -30.955 |
|         ep_length |          81.032 |
|    test_ep_length |         100.000 |
|   total_timesteps |          329999 |
|           loss_pi |         -14.671 |
|            loss_q |           0.416 |
|      time_elapsed |      598842.247 |
|    iteration_time |           2.035 |
---------------------------------------
[31;1mWarning: could not pickle state_dict.[0m
---------------------------------------
|             epoch |              34 |
| test_success_rate |           0.000 |
|         ep_return |         -25.970 |
|    test_ep_return |         -32.607 |
|         ep_length |          79.413 |
|    test_ep_length |         100.000 |
|   total_timesteps |          339999 |
|           loss_pi |         -14.525 |
|            loss_q |           0.426 |
|      time_elapsed |      624691.320 |
|    iteration_time |           2.569 |
---------------------------------------
[31;1mWarning: could not pickle state_dict.[0m
---------------------------------------
|             epoch |              35 |
| test_success_rate |           0.000 |
|         ep_return |         -22.469 |
|    test_ep_return |         -31.083 |
|         ep_length |          73.485 |
|    test_ep_length |         100.000 |
|   total_timesteps |          349999 |
|           loss_pi |         -14.421 |
|            loss_q |           0.438 |
|      time_elapsed |      644118.805 |
|    iteration_time |           1.926 |
---------------------------------------
[31;1mWarning: could not pickle state_dict.[0m
---------------------------------------
|             epoch |              36 |
| test_success_rate |           0.000 |
|         ep_return |         -22.180 |
|    test_ep_return |         -29.216 |
|         ep_length |          78.685 |
|    test_ep_length |         100.000 |
|   total_timesteps |          359999 |
|           loss_pi |         -14.703 |
|            loss_q |           0.364 |
|      time_elapsed |      665067.879 |
|    iteration_time |           2.078 |
---------------------------------------
[31;1mWarning: could not pickle state_dict.[0m
---------------------------------------
|             epoch |              37 |
| test_success_rate |           0.000 |
|         ep_return |         -23.308 |
|    test_ep_return |         -30.124 |
|         ep_length |          79.768 |
|    test_ep_length |         100.000 |
|   total_timesteps |          369999 |
|           loss_pi |         -14.797 |
|            loss_q |           0.378 |
|      time_elapsed |      685272.997 |
|    iteration_time |           2.004 |
---------------------------------------
[31;1mWarning: could not pickle state_dict.[0m
---------------------------------------
|             epoch |              38 |
| test_success_rate |           0.000 |
|         ep_return |         -26.014 |
|    test_ep_return |         -33.666 |
|         ep_length |          82.983 |
|    test_ep_length |         100.000 |
|   total_timesteps |          379999 |
|           loss_pi |         -14.804 |
|            loss_q |           0.382 |
|      time_elapsed |      705982.012 |
|    iteration_time |           2.055 |
---------------------------------------
[31;1mWarning: could not pickle state_dict.[0m
---------------------------------------
|             epoch |              39 |
| test_success_rate |           0.000 |
|         ep_return |         -23.190 |
|    test_ep_return |         -33.280 |
|         ep_length |          74.649 |
|    test_ep_length |         100.000 |
|   total_timesteps |          389999 |
|           loss_pi |         -14.727 |
|            loss_q |           0.425 |
|      time_elapsed |      726315.312 |
|    iteration_time |           2.017 |
---------------------------------------
[31;1mWarning: could not pickle state_dict.[0m
---------------------------------------
|             epoch |              40 |
| test_success_rate |           0.000 |
|         ep_return |         -25.281 |
|    test_ep_return |         -34.077 |
|         ep_length |          77.169 |
|    test_ep_length |         100.000 |
|   total_timesteps |          399999 |
|           loss_pi |         -14.575 |
|            loss_q |           0.456 |
|      time_elapsed |      747195.894 |
|    iteration_time |           2.071 |
---------------------------------------
[31;1mWarning: could not pickle state_dict.[0m
---------------------------------------
|             epoch |              41 |
| test_success_rate |           0.000 |
|         ep_return |         -24.510 |
|    test_ep_return |         -29.419 |
|         ep_length |          77.766 |
|    test_ep_length |         100.000 |
|   total_timesteps |          409999 |
|           loss_pi |         -14.366 |
|            loss_q |           0.449 |
|      time_elapsed |      768062.108 |
|    iteration_time |           2.070 |
---------------------------------------
